2025-09-18 19:27:45,985 - INFO - Fetched 59 items successfully.
2025-09-18 19:27:46,703 - INFO - Fetched 13 orders successfully.
2025-09-18 19:27:46,871 - INFO - Fetched 9 orders successfully.
2025-09-18 19:27:48,182 - INFO - Fetched 59 items successfully.
2025-09-18 19:27:48,576 - INFO - Fetched 14 categories successfully.
2025-09-18 19:27:48,578 - INFO - Fetched 59 items successfully.
2025-09-18 19:27:48,808 - INFO - Fetched 2 tables successfully.
2025-09-18 19:27:51,776 - INFO - Fetched 9 orders successfully.
2025-09-18 19:31:15,195 - INFO - Fetched 59 items successfully.
2025-09-18 19:31:15,565 - INFO - Fetched 13 orders successfully.
2025-09-18 19:31:15,659 - INFO - Fetched 9 orders successfully.
2025-09-18 19:31:18,491 - INFO - Fetched 59 items successfully.
2025-09-18 19:31:18,875 - INFO - Fetched 14 categories successfully.
2025-09-18 19:31:18,877 - INFO - Fetched 59 items successfully.
2025-09-18 19:31:19,105 - INFO - Fetched 2 tables successfully.
2025-09-18 19:31:24,348 - INFO - Fetched 9 orders successfully.
2025-09-18 19:34:26,902 - INFO - Fetched 59 items successfully.
2025-09-18 19:34:27,642 - INFO - Fetched 13 orders successfully.
2025-09-18 19:34:27,828 - INFO - Fetched 9 orders successfully.
2025-09-18 19:34:30,570 - INFO - Fetched 59 items successfully.
2025-09-18 19:34:31,555 - INFO - Fetched 14 categories successfully.
2025-09-18 19:34:31,556 - INFO - Fetched 59 items successfully.
2025-09-18 19:34:32,380 - INFO - Fetched 2 tables successfully.
2025-09-18 19:35:09,191 - INFO - Fetched 9 orders successfully.
2025-09-18 19:35:11,091 - INFO - Fetched 14 categories successfully.
2025-09-18 19:35:11,094 - INFO - Fetched 0 items successfully.
2025-09-18 19:35:11,097 - INFO - Fetched 59 items successfully.
2025-09-18 19:35:13,624 - INFO - Fetched 14 categories successfully.
2025-09-18 19:35:29,703 - INFO - Item ID 1 updated to 'Banas'.
2025-09-18 19:35:29,716 - INFO - Fetched 59 items successfully.
2025-09-18 19:35:33,098 - INFO - Fetched 59 items successfully.
2025-09-18 19:35:33,982 - INFO - Fetched 14 categories successfully.
2025-09-18 19:35:33,985 - INFO - Fetched 59 items successfully.
2025-09-18 19:35:34,759 - INFO - Fetched 59 items successfully.
2025-09-18 19:35:35,543 - INFO - Fetched 2 tables successfully.
2025-09-18 19:35:42,042 - INFO - Fetched 9 orders successfully.
2025-09-18 19:35:42,116 - INFO - Fetched 9 orders successfully.
