2025-09-19 18:18:33,602 - INFO - Fetched 59 items successfully.
2025-09-19 18:18:34,273 - INFO - Fetched 13 orders successfully.
2025-09-19 18:18:34,460 - INFO - Fetched 9 orders successfully.
2025-09-19 18:29:22,380 - INFO - Fetched 59 items successfully.
2025-09-19 18:29:23,193 - INFO - Fetched 13 orders successfully.
2025-09-19 18:29:23,388 - INFO - Fetched 9 orders successfully.
2025-09-19 18:32:56,367 - INFO - Fetched 59 items successfully.
2025-09-19 18:32:56,840 - INFO - Fetched 13 orders successfully.
2025-09-19 18:32:56,966 - INFO - Fetched 9 orders successfully.
2025-09-19 18:33:01,843 - INFO - Fetched 59 items successfully.
2025-09-19 18:33:02,722 - INFO - Fetched 14 categories successfully.
2025-09-19 18:33:02,724 - INFO - Fetched 59 items successfully.
2025-09-19 18:33:03,349 - INFO - Fetched 2 tables successfully.
2025-09-19 18:33:23,377 - INFO - Fetched 9 orders successfully.
2025-09-19 18:33:34,160 - INFO - Fetched 59 items successfully.
2025-09-19 18:33:34,552 - INFO - Fetched 13 orders successfully.
2025-09-19 18:33:34,657 - INFO - Fetched 9 orders successfully.
2025-09-19 18:38:34,857 - INFO - Fetched 59 items successfully.
2025-09-19 18:38:35,764 - INFO - Fetched 13 orders successfully.
2025-09-19 18:38:35,922 - INFO - Fetched 9 orders successfully.
2025-09-19 18:38:39,327 - INFO - Fetched 14 categories successfully.
2025-09-19 18:38:39,332 - INFO - Fetched 0 items successfully.
2025-09-19 18:38:39,335 - INFO - Fetched 59 items successfully.
2025-09-19 18:45:54,937 - INFO - Fetched 14 categories successfully.
2025-09-19 18:46:25,131 - INFO - Item ID 1 updated to 'Chips '.
2025-09-19 18:46:25,149 - INFO - Fetched 59 items successfully.
2025-09-19 18:46:27,126 - INFO - Fetched 14 categories successfully.
2025-09-19 18:47:03,777 - INFO - Item ID 2 updated to 'Chips Masala'.
2025-09-19 18:47:03,794 - INFO - Fetched 59 items successfully.
2025-09-19 18:47:07,808 - INFO - Fetched 14 categories successfully.
2025-09-19 18:47:54,246 - INFO - Item ID 3 updated to 'Chicken 1/4(Quarter)'.
2025-09-19 18:47:54,262 - INFO - Fetched 59 items successfully.
2025-09-19 18:47:57,592 - INFO - Fetched 14 categories successfully.
2025-09-19 18:48:22,250 - INFO - Item ID 4 updated to 'Chicken 1/2 (Half)'.
2025-09-19 18:48:22,266 - INFO - Fetched 59 items successfully.
2025-09-19 18:48:27,059 - INFO - Fetched 14 categories successfully.
2025-09-19 18:48:50,012 - INFO - Item ID 5 updated to 'Chicken Full'.
2025-09-19 18:48:50,025 - INFO - Fetched 59 items successfully.
2025-09-19 18:48:58,326 - INFO - Fetched 14 categories successfully.
2025-09-19 18:49:19,827 - INFO - Item ID 6 updated to 'Bhajia'.
2025-09-19 18:49:19,844 - INFO - Fetched 59 items successfully.
2025-09-19 18:49:22,505 - INFO - Fetched 14 categories successfully.
2025-09-19 18:49:40,260 - INFO - Item ID 7 updated to 'Samosa'.
2025-09-19 18:49:40,273 - INFO - Fetched 59 items successfully.
2025-09-19 18:49:42,385 - INFO - Fetched 14 categories successfully.
2025-09-19 18:50:02,518 - INFO - Item ID 8 updated to 'Sausage'.
2025-09-19 18:50:02,535 - INFO - Fetched 59 items successfully.
2025-09-19 18:50:04,625 - INFO - Fetched 14 categories successfully.
2025-09-19 18:50:30,640 - INFO - Item ID 9 updated to 'Kebab'.
2025-09-19 18:50:30,655 - INFO - Fetched 59 items successfully.
2025-09-19 18:50:32,105 - INFO - Fetched 14 categories successfully.
2025-09-19 18:50:58,049 - INFO - Item ID 10 updated to 'Tomato Sauce'.
2025-09-19 18:50:58,062 - INFO - Fetched 59 items successfully.
2025-09-19 18:51:00,201 - INFO - Fetched 14 categories successfully.
2025-09-19 18:52:32,084 - INFO - Item ID 11 updated to 'Sodah 300Ml'.
2025-09-19 18:52:32,099 - INFO - Fetched 59 items successfully.
2025-09-19 18:52:34,938 - INFO - Fetched 14 categories successfully.
2025-09-19 18:53:13,907 - INFO - Item ID 12 updated to 'Sodah 500Ml'.
2025-09-19 18:53:13,923 - INFO - Fetched 59 items successfully.
2025-09-19 18:53:16,772 - INFO - Fetched 14 categories successfully.
2025-09-19 18:53:44,240 - INFO - Item ID 13 updated to 'Sodah Plastics '.
2025-09-19 18:53:44,254 - INFO - Fetched 59 items successfully.
2025-09-19 18:53:47,003 - INFO - Fetched 14 categories successfully.
2025-09-19 18:54:57,748 - INFO - Item ID 14 updated to 'Dasani 500'.
2025-09-19 18:54:57,761 - INFO - Fetched 59 items successfully.
2025-09-19 18:55:01,086 - INFO - Fetched 14 categories successfully.
2025-09-19 18:55:22,988 - INFO - Item ID 15 updated to 'Water'.
2025-09-19 18:55:23,002 - INFO - Fetched 59 items successfully.
2025-09-19 18:55:26,676 - INFO - Fetched 14 categories successfully.
2025-09-19 18:55:43,110 - INFO - Item ID 16 updated to 'Passion '.
2025-09-19 18:55:43,128 - INFO - Fetched 59 items successfully.
2025-09-19 18:55:50,110 - INFO - Fetched 14 categories successfully.
2025-09-19 18:56:11,010 - INFO - Item ID 17 updated to 'Mango'.
2025-09-19 18:56:11,024 - INFO - Fetched 59 items successfully.
2025-09-19 18:56:18,292 - INFO - Fetched 14 categories successfully.
2025-09-19 18:56:40,030 - INFO - Item ID 18 updated to 'Pineapple'.
2025-09-19 18:56:40,047 - INFO - Fetched 59 items successfully.
2025-09-19 18:56:50,466 - INFO - Fetched 14 categories successfully.
2025-09-19 18:57:06,210 - INFO - Item ID 19 updated to 'Afya'.
2025-09-19 18:57:06,225 - INFO - Fetched 59 items successfully.
2025-09-19 18:57:26,202 - INFO - Item with ID 20 deleted.
2025-09-19 18:57:26,211 - INFO - Fetched 58 items successfully.
2025-09-19 18:57:32,789 - INFO - Item with ID 59 deleted.
2025-09-19 18:57:32,800 - INFO - Fetched 57 items successfully.
2025-09-19 18:57:36,528 - INFO - Item with ID 58 deleted.
2025-09-19 18:57:36,538 - INFO - Fetched 56 items successfully.
2025-09-19 18:57:42,235 - INFO - Item with ID 44 deleted.
2025-09-19 18:57:42,246 - INFO - Fetched 55 items successfully.
2025-09-19 18:57:46,794 - INFO - Item with ID 54 deleted.
2025-09-19 18:57:46,807 - INFO - Fetched 54 items successfully.
2025-09-19 18:58:11,518 - INFO - Fetched 13 orders successfully.
2025-09-19 18:58:16,275 - INFO - Fetched 13 orders successfully.
2025-09-19 18:58:17,291 - INFO - Fetched 14 categories successfully.
2025-09-19 18:58:17,295 - INFO - Fetched 54 items successfully.
2025-09-19 18:58:20,229 - INFO - Fetched 13 orders successfully.
2025-09-19 18:58:20,968 - INFO - Fetched 14 categories successfully.
2025-09-19 18:58:20,972 - INFO - Fetched 54 items successfully.
2025-09-19 18:58:22,852 - INFO - Fetched 54 items successfully.
2025-09-19 18:58:23,547 - INFO - Fetched 14 categories successfully.
2025-09-19 18:58:23,549 - INFO - Fetched 54 items successfully.
2025-09-19 18:58:24,074 - INFO - Fetched 2 tables successfully.
2025-09-19 18:58:52,235 - INFO - Fetched 9 orders successfully.
2025-09-19 18:58:56,572 - INFO - Item with ID 57 deleted.
2025-09-19 18:58:56,579 - INFO - Fetched 53 items successfully.
2025-09-19 18:59:00,440 - INFO - Item with ID 48 deleted.
2025-09-19 18:59:00,448 - INFO - Fetched 52 items successfully.
2025-09-19 18:59:03,628 - INFO - Item with ID 56 deleted.
2025-09-19 18:59:03,637 - INFO - Fetched 51 items successfully.
2025-09-19 18:59:08,718 - INFO - Item with ID 50 deleted.
2025-09-19 18:59:08,726 - INFO - Fetched 50 items successfully.
2025-09-19 18:59:12,083 - INFO - Item with ID 32 deleted.
2025-09-19 18:59:12,094 - INFO - Fetched 49 items successfully.
2025-09-19 18:59:17,080 - INFO - Item with ID 47 deleted.
2025-09-19 18:59:17,090 - INFO - Fetched 48 items successfully.
2025-09-19 18:59:20,344 - INFO - Item with ID 51 deleted.
2025-09-19 18:59:20,354 - INFO - Fetched 47 items successfully.
2025-09-19 18:59:24,911 - INFO - Item with ID 30 deleted.
2025-09-19 18:59:24,921 - INFO - Fetched 46 items successfully.
2025-09-19 18:59:30,435 - INFO - Item with ID 53 deleted.
2025-09-19 18:59:30,444 - INFO - Fetched 45 items successfully.
2025-09-19 18:59:34,114 - INFO - Item with ID 55 deleted.
2025-09-19 18:59:34,123 - INFO - Fetched 44 items successfully.
2025-09-19 18:59:37,968 - INFO - Item with ID 52 deleted.
2025-09-19 18:59:37,976 - INFO - Fetched 43 items successfully.
2025-09-19 18:59:41,910 - INFO - Item with ID 49 deleted.
2025-09-19 18:59:41,917 - INFO - Fetched 42 items successfully.
2025-09-19 18:59:46,602 - INFO - Item with ID 46 deleted.
2025-09-19 18:59:46,609 - INFO - Fetched 41 items successfully.
2025-09-19 18:59:49,816 - INFO - Item with ID 38 deleted.
2025-09-19 18:59:49,826 - INFO - Fetched 40 items successfully.
2025-09-19 18:59:55,696 - INFO - Item with ID 28 deleted.
2025-09-19 18:59:55,706 - INFO - Fetched 39 items successfully.
2025-09-19 18:59:59,928 - INFO - Item with ID 33 deleted.
2025-09-19 18:59:59,936 - INFO - Fetched 38 items successfully.
2025-09-19 19:00:03,455 - INFO - Item with ID 43 deleted.
2025-09-19 19:00:03,462 - INFO - Fetched 37 items successfully.
2025-09-19 19:00:06,639 - INFO - Item with ID 45 deleted.
2025-09-19 19:00:06,645 - INFO - Fetched 36 items successfully.
2025-09-19 19:00:10,116 - INFO - Item with ID 34 deleted.
2025-09-19 19:00:10,129 - INFO - Fetched 35 items successfully.
2025-09-19 19:00:13,788 - INFO - Item with ID 36 deleted.
2025-09-19 19:00:13,796 - INFO - Fetched 34 items successfully.
2025-09-19 19:00:16,669 - INFO - Item with ID 35 deleted.
2025-09-19 19:00:16,679 - INFO - Fetched 33 items successfully.
2025-09-19 19:00:21,828 - INFO - Item with ID 40 deleted.
2025-09-19 19:00:21,837 - INFO - Fetched 32 items successfully.
2025-09-19 19:00:25,212 - INFO - Item with ID 39 deleted.
2025-09-19 19:00:25,219 - INFO - Fetched 31 items successfully.
2025-09-19 19:00:31,798 - INFO - Item with ID 37 deleted.
2025-09-19 19:00:31,805 - INFO - Fetched 30 items successfully.
2025-09-19 19:00:34,725 - INFO - Item with ID 41 deleted.
2025-09-19 19:00:34,734 - INFO - Fetched 29 items successfully.
2025-09-19 19:00:37,519 - INFO - Item with ID 22 deleted.
2025-09-19 19:00:37,531 - INFO - Fetched 28 items successfully.
2025-09-19 19:00:40,658 - INFO - Item with ID 24 deleted.
2025-09-19 19:00:40,669 - INFO - Fetched 27 items successfully.
2025-09-19 19:00:43,355 - INFO - Item with ID 25 deleted.
2025-09-19 19:00:43,365 - INFO - Fetched 26 items successfully.
2025-09-19 19:00:46,474 - INFO - Item with ID 27 deleted.
2025-09-19 19:00:46,486 - INFO - Fetched 25 items successfully.
2025-09-19 19:00:49,406 - INFO - Item with ID 26 deleted.
2025-09-19 19:00:49,417 - INFO - Fetched 24 items successfully.
2025-09-19 19:00:54,817 - INFO - Fetched 24 items successfully.
2025-09-19 19:00:55,172 - INFO - Fetched 14 categories successfully.
2025-09-19 19:00:55,174 - INFO - Fetched 24 items successfully.
2025-09-19 19:00:55,421 - INFO - Fetched 24 items successfully.
2025-09-19 19:00:55,672 - INFO - Fetched 2 tables successfully.
2025-09-19 19:01:20,525 - INFO - Fetched 9 orders successfully.
2025-09-19 19:01:20,619 - INFO - Fetched 9 orders successfully.
2025-09-19 19:02:36,412 - INFO - Fetched 13 orders successfully.
2025-09-19 19:03:11,913 - INFO - Order with ID 13 and its items deleted successfully.
2025-09-19 19:03:11,918 - INFO - Fetched 12 orders successfully.
2025-09-19 19:03:15,194 - INFO - Order with ID 4 and its items deleted successfully.
2025-09-19 19:03:15,198 - INFO - Fetched 11 orders successfully.
2025-09-19 19:03:37,358 - INFO - Order info fetched successfully for order_id: 17
2025-09-19 19:06:24,551 - INFO - Fetched 7 orders successfully.
2025-09-19 19:06:28,886 - INFO - Fetched 24 items successfully.
2025-09-19 19:06:29,507 - INFO - Fetched 14 categories successfully.
2025-09-19 19:06:29,511 - INFO - Fetched 24 items successfully.
2025-09-19 19:06:29,940 - INFO - Fetched 24 items successfully.
2025-09-19 19:06:30,361 - INFO - Fetched 2 tables successfully.
2025-09-19 19:06:45,946 - INFO - Fetched 7 orders successfully.
2025-09-19 19:06:46,131 - INFO - Fetched 7 orders successfully.
2025-09-19 19:06:46,192 - INFO - Fetched 7 orders successfully.
2025-09-19 19:06:51,444 - INFO - Fetched 7 orders successfully.
2025-09-19 19:06:52,513 - INFO - Fetched 7 orders successfully.
2025-09-19 19:06:53,203 - INFO - Fetched 11 orders successfully.
2025-09-19 19:06:54,508 - INFO - Fetched 14 categories successfully.
2025-09-19 19:06:54,518 - INFO - Fetched 24 items successfully.
2025-09-19 19:06:59,940 - INFO - Fetched 14 categories successfully.
2025-09-19 19:07:07,400 - INFO - Item ID 3 updated to 'Chicken 1/4 (Quarter)'.
2025-09-19 19:07:07,411 - INFO - Fetched 24 items successfully.
2025-09-19 19:07:15,411 - INFO - Fetched 7 orders successfully.
2025-09-19 19:07:17,011 - INFO - Fetched 11 orders successfully.
2025-09-19 19:07:19,479 - INFO - Fetched 14 categories successfully.
2025-09-19 19:07:19,490 - INFO - Fetched 24 items successfully.
2025-09-19 19:07:22,093 - INFO - Fetched 24 items successfully.
2025-09-19 19:07:22,456 - INFO - Fetched 14 categories successfully.
2025-09-19 19:07:22,458 - INFO - Fetched 24 items successfully.
2025-09-19 19:07:22,716 - INFO - Fetched 24 items successfully.
2025-09-19 19:07:22,976 - INFO - Fetched 2 tables successfully.
2025-09-19 19:09:32,373 - INFO - Fetched 7 orders successfully.
2025-09-19 19:09:32,509 - INFO - Fetched 7 orders successfully.
2025-09-19 19:09:32,622 - INFO - Fetched 7 orders successfully.
2025-09-19 19:09:32,671 - INFO - Fetched 7 orders successfully.
2025-09-19 19:52:39,897 - INFO - Fetched 24 items successfully.
2025-09-19 19:52:40,176 - INFO - Fetched 11 orders successfully.
2025-09-19 19:52:40,321 - INFO - Fetched 7 orders successfully.
2025-09-19 19:52:42,962 - INFO - Fetched 14 categories successfully.
2025-09-19 19:52:42,967 - INFO - Fetched 0 items successfully.
2025-09-19 19:52:42,971 - INFO - Fetched 24 items successfully.
2025-09-19 19:52:43,764 - INFO - Fetched 14 categories successfully.
2025-09-19 19:52:44,901 - INFO - Fetched 24 items successfully.
2025-09-19 19:52:45,274 - INFO - Fetched 14 categories successfully.
2025-09-19 19:52:45,276 - INFO - Fetched 24 items successfully.
2025-09-19 19:52:45,537 - INFO - Fetched 2 tables successfully.
2025-09-19 19:52:47,258 - INFO - Fetched 7 orders successfully.
2025-09-19 20:34:39,202 - INFO - Fetched 24 items successfully.
2025-09-19 20:34:39,412 - INFO - Fetched 11 orders successfully.
2025-09-19 20:34:39,595 - INFO - Fetched 7 orders successfully.
2025-09-19 20:34:44,174 - INFO - Fetched 24 items successfully.
2025-09-19 20:34:44,561 - INFO - Fetched 14 categories successfully.
2025-09-19 20:34:44,564 - INFO - Fetched 24 items successfully.
2025-09-19 20:34:44,817 - INFO - Fetched 2 tables successfully.
2025-09-19 20:34:50,288 - INFO - Fetched 7 orders successfully.
2025-09-19 20:35:02,461 - INFO - Fetched 14 categories successfully.
2025-09-19 20:35:02,464 - INFO - Fetched 0 items successfully.
2025-09-19 20:35:02,466 - INFO - Fetched 24 items successfully.
2025-09-19 20:35:06,031 - INFO - Fetched 14 categories successfully.
2025-09-19 20:35:14,146 - INFO - Item ID 13 updated to 'Soda Plastics '.
2025-09-19 20:35:14,158 - INFO - Fetched 24 items successfully.
2025-09-19 20:35:34,629 - INFO - Fetched 14 categories successfully.
2025-09-19 20:35:40,924 - INFO - Item ID 11 updated to 'Soda 300Ml'.
2025-09-19 20:35:40,938 - INFO - Fetched 24 items successfully.
2025-09-19 20:35:45,032 - INFO - Fetched 14 categories successfully.
2025-09-19 20:36:07,592 - INFO - Item ID 12 updated to 'Soda 500Ml'.
2025-09-19 20:36:07,603 - INFO - Fetched 24 items successfully.
2025-09-19 21:01:52,279 - INFO - Fetched 24 items successfully.
2025-09-19 21:01:52,805 - INFO - Fetched 11 orders successfully.
2025-09-19 21:01:53,033 - INFO - Fetched 7 orders successfully.
2025-09-19 21:01:54,942 - INFO - Fetched 24 items successfully.
2025-09-19 21:01:55,440 - INFO - Fetched 14 categories successfully.
2025-09-19 21:01:55,443 - INFO - Fetched 24 items successfully.
2025-09-19 21:01:56,059 - INFO - Fetched 2 tables successfully.
2025-09-19 21:01:57,908 - INFO - Fetched 7 orders successfully.
2025-09-19 21:07:54,010 - INFO - Fetched 24 items successfully.
2025-09-19 21:07:54,293 - INFO - Fetched 11 orders successfully.
2025-09-19 21:07:54,440 - INFO - Fetched 7 orders successfully.
2025-09-19 21:07:57,158 - INFO - Fetched 24 items successfully.
2025-09-19 21:07:57,543 - INFO - Fetched 14 categories successfully.
2025-09-19 21:07:57,545 - INFO - Fetched 24 items successfully.
2025-09-19 21:07:57,645 - INFO - Fetched 2 tables successfully.
