2025-09-16 08:24:44,506 - INFO - Fetched 59 items successfully.
2025-09-16 08:24:45,097 - INFO - Fetched 9 orders successfully.
2025-09-16 08:24:45,223 - INFO - Fetched 8 orders successfully.
2025-09-16 08:24:52,001 - INFO - Fetched 9 orders successfully.
2025-09-16 08:24:57,933 - INFO - Order with ID 3 and its items deleted successfully.
2025-09-16 08:24:57,948 - INFO - Fetched 8 orders successfully.
2025-09-16 08:25:00,105 - INFO - Fetched 0 tables successfully.
2025-09-16 08:25:01,584 - INFO - Fetched 14 categories successfully.
2025-09-16 08:25:02,998 - INFO - Fetched 14 categories successfully.
2025-09-16 08:25:03,019 - INFO - Fetched 0 items successfully.
2025-09-16 08:25:03,035 - INFO - Fetched 59 items successfully.
2025-09-16 08:25:08,555 - INFO - Fetched 59 items successfully.
2025-09-16 08:25:08,867 - INFO - Fetched 14 categories successfully.
2025-09-16 08:25:08,883 - INFO - Fetched 59 items successfully.
2025-09-16 08:25:09,130 - INFO - Fetched 0 tables successfully.
2025-09-16 08:25:23,095 - INFO - Fetched 7 orders successfully.
2025-09-16 08:25:26,218 - INFO - Fetched 8 orders successfully.
2025-09-16 08:25:27,488 - INFO - Fetched 7 orders successfully.
2025-09-16 08:26:14,828 - INFO - Fetched 59 items successfully.
2025-09-16 08:26:15,438 - INFO - Fetched 8 orders successfully.
2025-09-16 08:26:15,549 - INFO - Fetched 7 orders successfully.
2025-09-16 08:26:24,807 - INFO - Fetched 14 categories successfully.
2025-09-16 08:26:24,828 - INFO - Fetched 0 items successfully.
2025-09-16 08:26:24,846 - INFO - Fetched 0 tables successfully.
2025-09-16 08:26:24,896 - INFO - Fetched 59 items successfully.
2025-09-16 08:26:30,277 - INFO - Fetched 7 orders successfully.
2025-09-16 08:26:35,199 - INFO - Fetched 0 tables successfully.
2025-09-16 08:26:36,459 - INFO - Fetched 14 categories successfully.
2025-09-16 08:26:37,801 - INFO - Fetched 7 orders successfully.
2025-09-16 08:26:41,697 - INFO - Fetched 7 orders successfully.
2025-09-16 08:27:44,286 - INFO - Fetched 7 orders successfully.
2025-09-16 08:32:36,020 - INFO - Fetched 8 orders successfully.
2025-09-16 08:32:38,479 - INFO - Order info fetched successfully for order_id: 8
2025-09-16 08:36:44,586 - INFO - Fetched 8 orders successfully.
2025-09-16 08:36:52,020 - INFO - Fetched 59 items successfully.
2025-09-16 08:36:52,341 - INFO - Fetched 14 categories successfully.
2025-09-16 08:36:52,357 - INFO - Fetched 59 items successfully.
2025-09-16 08:36:52,620 - INFO - Fetched 0 tables successfully.
2025-09-16 08:36:57,349 - INFO - Fetched 7 orders successfully.
