2025-09-18 11:59:18,859 - INFO - Fetched 59 items successfully.
2025-09-18 11:59:19,485 - INFO - Fetched 9 orders successfully.
2025-09-18 11:59:19,612 - INFO - Fetched 8 orders successfully.
2025-09-18 11:59:52,591 - INFO - Fetched 14 categories successfully.
2025-09-18 11:59:52,606 - INFO - Fetched 0 items successfully.
2025-09-18 11:59:52,621 - INFO - Fetched 0 tables successfully.
2025-09-18 11:59:52,663 - INFO - Fetched 59 items successfully.
2025-09-18 11:59:57,070 - INFO - Order with ID 6 updated successfully.
2025-09-18 11:59:58,218 - INFO - Fetched 7 orders successfully.
2025-09-18 12:00:00,388 - INFO - Fetched 7 orders successfully.
2025-09-18 12:00:01,313 - INFO - Fetched 9 orders successfully.
2025-09-18 12:00:17,210 - INFO - Fetched 7 orders successfully.
2025-09-18 12:00:19,294 - INFO - Fetched 14 categories successfully.
2025-09-18 12:00:19,306 - INFO - Fetched 0 items successfully.
2025-09-18 12:00:19,316 - INFO - Fetched 0 tables successfully.
2025-09-18 12:00:19,346 - INFO - Fetched 59 items successfully.
2025-09-18 12:00:23,039 - INFO - Order with ID 4 updated successfully.
2025-09-18 12:00:23,847 - INFO - Fetched 6 orders successfully.
2025-09-18 12:00:25,909 - INFO - Fetched 9 orders successfully.
2025-09-18 12:00:33,885 - INFO - Order info fetched successfully for order_id: 4
2025-09-18 14:10:05,606 - INFO - Fetched 59 items successfully.
2025-09-18 14:10:06,266 - INFO - Fetched 9 orders successfully.
2025-09-18 14:10:06,407 - INFO - Fetched 6 orders successfully.
2025-09-18 14:10:10,353 - INFO - Fetched 9 orders successfully.
2025-09-18 14:10:13,424 - INFO - Fetched 6 orders successfully.
2025-09-18 14:10:16,686 - INFO - Fetched 9 orders successfully.
2025-09-18 14:10:17,518 - INFO - Fetched 14 categories successfully.
2025-09-18 14:10:17,536 - INFO - Fetched 0 items successfully.
2025-09-18 14:10:17,553 - INFO - Fetched 59 items successfully.
2025-09-18 14:10:20,578 - INFO - Fetched 14 categories successfully.
2025-09-18 14:10:21,449 - INFO - Fetched 0 tables successfully.
2025-09-18 14:10:22,333 - INFO - Fetched 59 items successfully.
2025-09-18 14:10:22,661 - INFO - Fetched 14 categories successfully.
2025-09-18 14:10:22,678 - INFO - Fetched 59 items successfully.
2025-09-18 14:10:22,960 - INFO - Fetched 0 tables successfully.
2025-09-18 14:16:00,182 - INFO - Fetched 6 orders successfully.
2025-09-18 14:16:08,468 - INFO - Fetched 59 items successfully.
2025-09-18 14:16:09,144 - INFO - Fetched 9 orders successfully.
2025-09-18 14:16:09,281 - INFO - Fetched 6 orders successfully.
2025-09-18 14:16:10,632 - INFO - Fetched 59 items successfully.
2025-09-18 14:16:11,068 - INFO - Fetched 14 categories successfully.
2025-09-18 14:16:11,081 - INFO - Fetched 59 items successfully.
2025-09-18 14:16:11,446 - INFO - Fetched 0 tables successfully.
2025-09-18 14:20:32,359 - INFO - Fetched 6 orders successfully.
2025-09-18 14:20:36,091 - INFO - Fetched 9 orders successfully.
2025-09-18 14:20:45,825 - INFO - Fetched 14 categories successfully.
2025-09-18 14:20:45,840 - INFO - Fetched 0 items successfully.
2025-09-18 14:20:45,852 - INFO - Fetched 59 items successfully.
2025-09-18 14:20:56,227 - INFO - Fetched 14 categories successfully.
2025-09-18 14:20:56,245 - INFO - Fetched 59 items successfully.
2025-09-18 14:20:57,031 - INFO - Fetched 14 categories successfully.
2025-09-18 14:20:57,047 - INFO - Fetched 59 items successfully.
2025-09-18 14:20:57,981 - INFO - Fetched 9 orders successfully.
2025-09-18 14:20:58,653 - INFO - Fetched 14 categories successfully.
2025-09-18 14:20:58,667 - INFO - Fetched 59 items successfully.
2025-09-18 14:26:05,021 - INFO - Fetched 9 orders successfully.
2025-09-18 14:26:07,859 - INFO - Fetched 59 items successfully.
2025-09-18 14:26:08,261 - INFO - Fetched 14 categories successfully.
2025-09-18 14:26:08,279 - INFO - Fetched 59 items successfully.
2025-09-18 14:26:08,616 - INFO - Fetched 59 items successfully.
2025-09-18 14:26:08,983 - INFO - Fetched 0 tables successfully.
2025-09-18 14:26:21,395 - INFO - Fetched 6 orders successfully.
2025-09-18 14:26:21,424 - INFO - Fetched 6 orders successfully.
2025-09-18 14:30:08,832 - INFO - Fetched 59 items successfully.
2025-09-18 14:30:09,536 - INFO - Fetched 9 orders successfully.
2025-09-18 14:30:09,662 - INFO - Fetched 6 orders successfully.
2025-09-18 14:30:12,998 - INFO - Fetched 59 items successfully.
2025-09-18 14:30:13,401 - INFO - Fetched 14 categories successfully.
2025-09-18 14:30:13,416 - INFO - Fetched 59 items successfully.
2025-09-18 14:30:13,745 - INFO - Fetched 0 tables successfully.
2025-09-18 14:30:33,306 - INFO - Fetched 6 orders successfully.
2025-09-18 14:30:40,923 - INFO - Fetched 59 items successfully.
2025-09-18 14:30:41,596 - INFO - Fetched 9 orders successfully.
2025-09-18 14:30:41,728 - INFO - Fetched 6 orders successfully.
2025-09-18 14:30:42,812 - INFO - Fetched 59 items successfully.
2025-09-18 14:30:43,248 - INFO - Fetched 14 categories successfully.
2025-09-18 14:30:43,263 - INFO - Fetched 59 items successfully.
2025-09-18 14:30:43,630 - INFO - Fetched 0 tables successfully.
2025-09-18 14:30:45,924 - INFO - Item ID 1 has 0 variations.
2025-09-18 14:30:46,063 - INFO - Item 'Masala Veg Salad' with ID 1 added to cart (Qty: 1).
2025-09-18 14:30:49,595 - INFO - Fetched 6 orders successfully.
2025-09-18 14:30:51,135 - INFO - Fetched 59 items successfully.
2025-09-18 14:30:51,491 - INFO - Fetched 14 categories successfully.
2025-09-18 14:30:51,503 - INFO - Fetched 59 items successfully.
2025-09-18 14:30:51,865 - INFO - Fetched 59 items successfully.
2025-09-18 14:30:52,202 - INFO - Fetched 0 tables successfully.
2025-09-18 14:30:56,739 - INFO - Fetched 6 orders successfully.
2025-09-18 14:30:56,767 - INFO - Fetched 6 orders successfully.
2025-09-18 14:30:59,780 - INFO - Fetched 14 categories successfully.
2025-09-18 14:30:59,795 - INFO - Fetched 0 items successfully.
2025-09-18 14:30:59,811 - INFO - Fetched 59 items successfully.
2025-09-18 14:31:02,883 - INFO - Fetched 14 categories successfully.
2025-09-18 14:31:52,744 - INFO - Item ID 1 updated to 'Ripe Banana'.
2025-09-18 14:31:52,760 - INFO - Fetched 59 items successfully.
2025-09-18 14:31:55,527 - INFO - Fetched 14 categories successfully.
2025-09-18 14:32:51,825 - INFO - Item ID 2 updated to 'Pizza'.
2025-09-18 14:32:51,843 - INFO - Fetched 59 items successfully.
2025-09-18 14:32:55,743 - INFO - Fetched 6 orders successfully.
2025-09-18 14:32:57,304 - INFO - Fetched 9 orders successfully.
2025-09-18 14:32:59,455 - INFO - Fetched 9 orders successfully.
2025-09-18 14:33:00,554 - INFO - Fetched 14 categories successfully.
2025-09-18 14:33:00,568 - INFO - Fetched 59 items successfully.
2025-09-18 14:33:05,046 - INFO - Fetched 59 items successfully.
2025-09-18 14:33:05,460 - INFO - Fetched 14 categories successfully.
2025-09-18 14:33:05,471 - INFO - Fetched 59 items successfully.
2025-09-18 14:33:05,832 - INFO - Fetched 59 items successfully.
2025-09-18 14:33:06,205 - INFO - Fetched 0 tables successfully.
2025-09-18 14:33:55,285 - INFO - Fetched 6 orders successfully.
2025-09-18 14:33:55,315 - INFO - Fetched 6 orders successfully.
2025-09-18 14:33:55,342 - INFO - Fetched 6 orders successfully.
2025-09-18 14:33:59,253 - INFO - Fetched 14 categories successfully.
2025-09-18 14:35:02,902 - INFO - Item ID 3 updated to 'Vegetaria Salad'.
2025-09-18 14:35:02,930 - INFO - Fetched 59 items successfully.
2025-09-18 14:35:23,196 - INFO - Fetched 59 items successfully.
2025-09-18 14:35:23,861 - INFO - Fetched 9 orders successfully.
2025-09-18 14:35:23,989 - INFO - Fetched 6 orders successfully.
2025-09-18 14:35:27,853 - INFO - Fetched 9 orders successfully.
2025-09-18 14:35:29,220 - INFO - Fetched 14 categories successfully.
2025-09-18 14:35:29,234 - INFO - Fetched 0 items successfully.
2025-09-18 14:35:29,247 - INFO - Fetched 59 items successfully.
2025-09-18 14:35:32,209 - INFO - Fetched 59 items successfully.
2025-09-18 14:35:32,657 - INFO - Fetched 14 categories successfully.
2025-09-18 14:35:32,670 - INFO - Fetched 59 items successfully.
2025-09-18 14:35:33,039 - INFO - Fetched 0 tables successfully.
2025-09-18 14:36:51,191 - INFO - Item ID 1 has 0 variations.
2025-09-18 14:36:51,276 - INFO - Item 'Ripe Banana' with ID 1 added to cart (Qty: 1).
2025-09-18 14:37:15,524 - INFO - Fetched 6 orders successfully.
2025-09-18 14:37:17,988 - INFO - Fetched 14 categories successfully.
2025-09-18 14:37:55,970 - INFO - Item ID 4 updated to 'Special Chips'.
2025-09-18 14:37:55,988 - INFO - Fetched 59 items successfully.
2025-09-18 14:37:58,948 - INFO - Fetched 14 categories successfully.
2025-09-18 14:38:20,288 - INFO - Item ID 5 updated to 'Normal Chips'.
2025-09-18 14:38:20,310 - INFO - Fetched 59 items successfully.
2025-09-18 14:38:31,970 - INFO - Fetched 59 items successfully.
2025-09-18 14:38:32,409 - INFO - Fetched 14 categories successfully.
2025-09-18 14:38:32,425 - INFO - Fetched 59 items successfully.
2025-09-18 14:38:32,801 - INFO - Fetched 59 items successfully.
2025-09-18 14:38:33,174 - INFO - Fetched 0 tables successfully.
2025-09-18 14:39:06,861 - INFO - Fetched 6 orders successfully.
2025-09-18 14:39:06,899 - INFO - Fetched 6 orders successfully.
2025-09-18 14:39:10,983 - INFO - Fetched 14 categories successfully.
2025-09-18 14:39:36,767 - INFO - Item ID 6 updated to 'Potato Creeps'.
2025-09-18 14:39:36,785 - INFO - Fetched 59 items successfully.
2025-09-18 14:39:41,252 - INFO - Fetched 59 items successfully.
2025-09-18 14:39:41,669 - INFO - Fetched 14 categories successfully.
2025-09-18 14:39:41,681 - INFO - Fetched 59 items successfully.
2025-09-18 14:39:42,091 - INFO - Fetched 59 items successfully.
2025-09-18 14:39:42,498 - INFO - Fetched 0 tables successfully.
2025-09-18 14:39:57,287 - INFO - Fetched 6 orders successfully.
2025-09-18 14:39:57,314 - INFO - Fetched 6 orders successfully.
2025-09-18 14:39:57,343 - INFO - Fetched 6 orders successfully.
2025-09-18 19:15:50,607 - INFO - Fetched 59 items successfully.
2025-09-18 19:15:50,934 - INFO - Fetched 9 orders successfully.
2025-09-18 19:15:51,017 - INFO - Fetched 6 orders successfully.
2025-09-18 19:15:52,604 - INFO - Fetched 59 items successfully.
2025-09-18 19:15:53,433 - INFO - Fetched 14 categories successfully.
2025-09-18 19:15:53,435 - INFO - Fetched 59 items successfully.
2025-09-18 19:15:54,050 - INFO - Fetched 0 tables successfully.
2025-09-18 19:16:08,171 - INFO - Item ID 7 has 0 variations.
2025-09-18 19:16:08,182 - INFO - Item 'Chicken Masala' with ID 7 added to cart (Qty: 1).
2025-09-18 19:16:10,441 - INFO - Item ID 2 has 0 variations.
2025-09-18 19:16:10,452 - INFO - Item 'Pizza' with ID 2 added to cart (Qty: 1).
2025-09-18 19:16:17,743 - INFO - Fetched 7 orders successfully.
2025-09-18 19:16:23,391 - INFO - Fetched 14 categories successfully.
2025-09-18 19:16:23,394 - INFO - Fetched 0 items successfully.
2025-09-18 19:16:23,398 - INFO - Fetched 0 tables successfully.
2025-09-18 19:16:23,422 - INFO - Fetched 59 items successfully.
2025-09-18 19:16:40,620 - INFO - Order with ID 15 updated successfully.
2025-09-18 19:16:42,165 - INFO - Fetched 6 orders successfully.
2025-09-18 19:16:49,277 - INFO - Fetched 14 categories successfully.
2025-09-18 19:16:49,280 - INFO - Fetched 0 items successfully.
2025-09-18 19:16:49,282 - INFO - Fetched 59 items successfully.
2025-09-18 19:16:51,249 - INFO - Fetched 10 orders successfully.
2025-09-18 19:16:55,643 - INFO - Order info fetched successfully for order_id: 15
