2024-11-19 20:52:27,917 - INFO - Fetched 20 items successfully.
2024-11-19 20:52:27,995 - INFO - Fetched 20 items successfully.
2024-11-19 20:52:30,651 - INFO - Fetched 2 orders successfully.
2024-11-19 20:52:31,553 - INFO - Fetched 20 items successfully.
2024-11-19 20:52:31,650 - INFO - Fetched 6 categories successfully.
2024-11-19 20:52:31,652 - INFO - Fetched 20 items successfully.
2024-11-19 20:52:31,744 - INFO - Fetched 4 tables successfully.
2024-11-19 20:52:33,317 - INFO - Item 'Cola' added to cart.
2024-11-19 20:52:34,086 - INFO - Item 'Lemonade' added to cart.
2024-11-19 21:02:13,139 - INFO - Fetched 20 items successfully.
2024-11-19 21:02:13,217 - INFO - Fetched 20 items successfully.
2024-11-19 21:02:15,892 - INFO - Fetched 20 items successfully.
2024-11-19 21:02:15,983 - INFO - Fetched 6 categories successfully.
2024-11-19 21:02:15,985 - INFO - Fetched 20 items successfully.
2024-11-19 21:02:16,098 - INFO - Fetched 4 tables successfully.
2024-11-19 21:03:56,223 - INFO - Fetched 20 items successfully.
2024-11-19 21:03:56,301 - INFO - Fetched 20 items successfully.
2024-11-19 21:03:58,483 - INFO - Fetched 20 items successfully.
2024-11-19 21:03:58,584 - INFO - Fetched 6 categories successfully.
2024-11-19 21:03:58,586 - INFO - Fetched 20 items successfully.
2024-11-19 21:03:58,684 - INFO - Fetched 4 tables successfully.
2024-11-19 21:03:59,759 - INFO - Item 'Veggie Burger' added to cart.
2024-11-19 21:04:01,318 - INFO - Item 'Strawberry Shake' added to cart.
2024-11-19 21:05:19,432 - INFO - Fetched 20 items successfully.
2024-11-19 21:05:19,512 - INFO - Fetched 20 items successfully.
2024-11-19 21:05:23,289 - INFO - Fetched 20 items successfully.
2024-11-19 21:05:23,384 - INFO - Fetched 6 categories successfully.
2024-11-19 21:05:23,387 - INFO - Fetched 20 items successfully.
2024-11-19 21:05:23,489 - INFO - Fetched 4 tables successfully.
2024-11-19 21:05:29,523 - INFO - Fetched 20 items successfully.
2024-11-19 21:05:29,590 - INFO - Fetched 6 categories successfully.
2024-11-19 21:05:29,592 - INFO - Fetched 20 items successfully.
2024-11-19 21:05:29,650 - INFO - Fetched 20 items successfully.
2024-11-19 21:05:29,719 - INFO - Fetched 4 tables successfully.
2024-11-19 21:07:17,950 - INFO - Fetched 20 items successfully.
2024-11-19 21:07:18,030 - INFO - Fetched 20 items successfully.
2024-11-19 21:07:29,674 - INFO - Fetched 20 items successfully.
2024-11-19 21:07:29,766 - INFO - Fetched 6 categories successfully.
2024-11-19 21:07:29,768 - INFO - Fetched 20 items successfully.
2024-11-19 21:07:29,847 - INFO - Fetched 4 tables successfully.
2024-11-19 21:07:31,540 - INFO - Item 'Roasted Almonds' added to cart.
2024-11-19 21:07:32,402 - INFO - Item 'Lemonade' added to cart.
2024-11-19 21:07:33,124 - INFO - Item 'BBQ Chicken Pizza' added to cart.
2024-11-19 21:08:14,878 - INFO - Fetched 20 items successfully.
2024-11-19 21:08:14,951 - INFO - Fetched 20 items successfully.
2024-11-19 21:08:44,492 - INFO - Fetched 20 items successfully.
2024-11-19 21:08:44,621 - INFO - Fetched 6 categories successfully.
2024-11-19 21:08:44,623 - INFO - Fetched 20 items successfully.
2024-11-19 21:08:44,764 - INFO - Fetched 4 tables successfully.
2024-11-19 21:10:54,640 - INFO - Fetched 20 items successfully.
2024-11-19 21:10:54,717 - INFO - Fetched 20 items successfully.
2024-11-19 21:10:59,381 - INFO - Fetched 6 categories successfully.
2024-11-19 21:10:59,383 - INFO - Fetched 0 items successfully.
2024-11-19 21:10:59,385 - INFO - Fetched 0 items successfully.
2024-11-19 21:10:59,387 - INFO - Fetched 20 items successfully.
2024-11-19 21:10:59,437 - INFO - Fetched 20 items successfully.
2024-11-19 21:11:00,816 - INFO - Fetched 20 items successfully.
2024-11-19 21:11:00,904 - INFO - Fetched 6 categories successfully.
2024-11-19 21:11:00,906 - INFO - Fetched 20 items successfully.
2024-11-19 21:11:00,991 - INFO - Fetched 4 tables successfully.
2024-11-19 21:12:15,362 - INFO - Fetched 20 items successfully.
2024-11-19 21:12:15,450 - INFO - Fetched 6 categories successfully.
2024-11-19 21:12:15,453 - INFO - Fetched 20 items successfully.
2024-11-19 21:12:15,521 - INFO - Fetched 20 items successfully.
2024-11-19 21:12:15,594 - INFO - Fetched 4 tables successfully.
2024-11-19 21:12:17,059 - INFO - Fetched 4 items successfully.
2024-11-19 21:12:18,203 - INFO - Fetched 3 items successfully.
2024-11-19 21:12:19,451 - INFO - Fetched 20 items successfully.
2024-11-19 21:20:14,995 - INFO - Fetched 20 items successfully.
2024-11-19 21:20:15,066 - INFO - Fetched 20 items successfully.
2024-11-19 21:20:16,546 - INFO - Fetched 20 items successfully.
2024-11-19 21:20:16,650 - INFO - Fetched 6 categories successfully.
2024-11-19 21:20:16,652 - INFO - Fetched 20 items successfully.
2024-11-19 21:20:16,738 - INFO - Fetched 4 tables successfully.
2024-11-19 21:20:34,889 - INFO - Fetched 3 orders successfully.
