2025-09-19 18:16:34,473 - INFO - Fetched 59 items successfully.
2025-09-19 18:16:34,860 - INFO - Fetched 10 orders successfully.
2025-09-19 18:16:34,944 - INFO - Fetched 6 orders successfully.
2025-09-19 18:16:37,187 - INFO - Fetched 59 items successfully.
2025-09-19 18:16:38,008 - INFO - Fetched 14 categories successfully.
2025-09-19 18:16:38,012 - INFO - Fetched 59 items successfully.
2025-09-19 18:16:38,693 - INFO - Fetched 0 tables successfully.
2025-09-19 18:16:56,939 - INFO - Fetched 6 orders successfully.
2025-09-19 18:16:58,826 - INFO - Fetched 14 categories successfully.
2025-09-19 18:16:58,830 - INFO - Fetched 0 items successfully.
2025-09-19 18:16:58,833 - INFO - Fetched 59 items successfully.
2025-09-19 18:17:07,153 - INFO - Item with ID 59 deleted.
2025-09-19 18:17:07,166 - INFO - Fetched 58 items successfully.
2025-09-19 18:17:12,205 - INFO - Item with ID 58 deleted.
2025-09-19 18:17:12,215 - INFO - Fetched 57 items successfully.
2025-09-19 18:17:16,926 - INFO - Item with ID 57 deleted.
2025-09-19 18:17:16,935 - INFO - Fetched 56 items successfully.
2025-09-19 18:17:28,811 - INFO - Item with ID 56 deleted.
2025-09-19 18:17:28,819 - INFO - Fetched 55 items successfully.
2025-09-19 18:17:33,279 - INFO - Item with ID 55 deleted.
2025-09-19 18:17:33,286 - INFO - Fetched 54 items successfully.
2025-09-19 18:17:37,087 - INFO - Item with ID 54 deleted.
2025-09-19 18:17:37,096 - INFO - Fetched 53 items successfully.
2025-09-19 18:17:41,029 - INFO - Item with ID 53 deleted.
2025-09-19 18:17:41,036 - INFO - Fetched 52 items successfully.
